Username: {valo} added comment with rating {5} and message {Mnogo qk produck} !
Username: {valo} added comment with rating {5} and message {Mnogo qk produck} !
Username: {valo} added comment with rating {5} and message {Mnogo qk produck} !
Username: {valo} added comment with rating {5} and message {Mnogo qk produck} !
Username: {valo135} added comment with rating {5} and message {Mnogo qk produck} !
Username: {qweq} added comment with rating {5} and message {Mnogo hubav parfum} !
Username: {kalina} added comment with rating {5} and message {Mnogo hubav parfum} !
Username: {kalina} added comment with rating {5} and message {Mnogo qk produck} !
Username: {kalina} added comment with rating {5} and message {Mnogo qk produck} !
Username: {valo} added comment with rating {5} and message {Mnogo qk produck} !
Username: {valo} added comment with rating {5} and message {Mnogo qk produck} !
Username: {valo} added comment with rating {5} and message {Mnogo qk produck} !
Username: {valo} added comment with rating {5} and message {Mnogo qk produck} !
Username: {valo} added comment with rating {5} and message {Mnogo qk produck} !
Username: {valo} added comment with rating {5} and message {Mnogo qk produck} !
Username: {milen} added comment with rating {5} and message {Mnogo qk produck} !
Username: {valo} added comment with rating {5} and message {Mnogo qk produck} !
Username: {valo} added comment with rating {5} and message {Mnogo qk produck} !
Username: {valo} added comment with rating {5} and message {Mnogo qk produck} !
Username: {valo} added comment with rating {5} and message {Mnogo qk produck} !
Username: {valo} added comment with rating {5} and message {Mnogo qk produck} !
Username: {valo} added comment with rating {5} and message {Mnogo qk produck} !
Username: {valo} added comment with rating {5} and message {Mnogo qk produck} !
Username: {valo} added comment with rating {5} and message {Mnogo hubav parfum} !
Username: {kalina} added comment with rating {5} and message {На първа инстанция те бяха пуснати с мярка "подписка" Апелативният съд гледа мерките за неотклонение} !
Username: {vasil} added comment with rating {1} and message {orem Ipsum is simply dummy text of the printing and typesetting industry. Lorem Ipsum has been the i} !
Username: {valo} added comment with rating {5} and message {Mnogo qk produck} !
Username: {valo} added comment with rating {5} and message {sssssssssssssss} !
Username: {valo} added comment with rating {5} and message {На първа инстанция те бяха пуснати с мярка "подписка" Апелативният съд гледа мерките за неотклонение} !
Username: {valo} added comment with rating {5} and message {Mnogo hubav parfum} !
Username: {kalina} added comment with rating {5} and message {На първа инстанция те бяха пуснати с мярка "подписка" Апелативният съд гледа мерките за неотклонение} !
Username: {valo} added comment with rating {5} and message {qweqwe} !
Username: {valo} added comment with rating {5} and message {Lorem ipsum dolor sit amet, consectetuer adipiscing elit. Aenean commodo ligula eget dolor. Aenean massa. Cum sociis natoque penatibus et magnis dis parturient montes, nascetur ridiculus mus. Donec quam felis, ultricies nec, pellentesque eu, pretium quis, sem. Nulla consequat massa quis enim. Donec pede justo, fringilla vel, aliquet nec, vulputate eget, arcu. In enim justo, rhoncus ut, imperdiet a, venenatis vitae, justo. Nullam dictum felis eu pede mollis pretium. Integer tincidunt. Cras dapibu} !
Username: {valo} added comment with rating {5} and message {qwerty} !
Username: {valo} added comment with rating {5} and message {qwert} !
Username: {valo} added comment with rating {5} and message {12345} !
Username: {valo} added comment with rating {1} and message {qweqwrqwrfffffffffffffffffffffffff} !
Username: {valo} added comment with rating {5} and message {https://res.cloudinary.com/defiefioi/image/upload/v1618678122/blank-profile-picture-973460_640_lil14i.png} !
Username: {kalina} added comment with rating {5} and message {На първа инстанция те бяха пуснати с мярка "подписка" Апелативният съд гледа мерките за неотклонение} !
Username: {kalina} added comment with rating {5} and message {Lorem ipsum dolor sit amet, consectetuer adipiscing elit. Aenean commodo ligula eget dolor. Aenean massa. Cum sociis natoque penatibus et magnis dis parturient montes, nascetur ridiculus mus. Donec quam felis, ultricies nec, pellentesque eu, pretium quis, sem. Nulla consequat massa quis enim. Donec pede justo, fringilla vel, aliquet nec, vulputate eget, arcu. In enim justo, rhoncus ut, imperdiet a, venenatis vitae, justo. Nullam dictum felis eu pede mollis pretium. Integer tincidunt. Cras dapibu} !
