Client with IP 0:0:0:0:0:0:0:1 made request on /css/form.css with status code: {200}
Client with IP 0:0:0:0:0:0:0:1 made request on /products/add with status code: {200}
Client with IP 0:0:0:0:0:0:0:1 made request on /css/shop.css with status code: {200}
Client with IP 0:0:0:0:0:0:0:1 made request on /css/profile.css with status code: {200}
Client with IP 0:0:0:0:0:0:0:1 made request on /css/form.css with status code: {200}

Client with IP 0:0:0:0:0:0:0:1 made request on / with status code: {200}
Client with IP 0:0:0:0:0:0:0:1 made request on /css/profile.css with status code: {200}
Client with IP 0:0:0:0:0:0:0:1 made request on /css/shop.css with status code: {200}
Client with IP 0:0:0:0:0:0:0:1 made request on /css/form.css with status code: {200}
Client with IP 0:0:0:0:0:0:0:1 made request on /users/login with status code: {200}
Client with IP 0:0:0:0:0:0:0:1 made request on /users/login with status code: {200}
Client with IP 0:0:0:0:0:0:0:1 made request on /css/form.css with status code: {200}
Client with IP 0:0:0:0:0:0:0:1 made request on /css/profile.css with status code: {200}
Client with IP 0:0:0:0:0:0:0:1 made request on /css/shop.css with status code: {200}
Client with IP 0:0:0:0:0:0:0:1 made request on /users/login with status code: {200}
Client with IP 0:0:0:0:0:0:0:1 made request on / with status code: {200}
Client with IP 0:0:0:0:0:0:0:1 made request on /css/shop.css with status code: {200}
Client with IP 0:0:0:0:0:0:0:1 made request on /css/form.css with status code: {200}
Client with IP 0:0:0:0:0:0:0:1 made request on /css/profile.css with status code: {200}
Client with IP 0:0:0:0:0:0:0:1 made request on /favicon.ico with status code: {200}
Client with IP 0:0:0:0:0:0:0:1 made request on /error with status code: {404}
Client with IP 0:0:0:0:0:0:0:1 made request on / with status code: {200}
Client with IP 0:0:0:0:0:0:0:1 made request on /css/shop.css with status code: {200}
Client with IP 0:0:0:0:0:0:0:1 made request on /css/form.css with status code: {200}
Client with IP 0:0:0:0:0:0:0:1 made request on /css/profile.css with status code: {200}
Client with IP 0:0:0:0:0:0:0:1 made request on /users/register with status code: {200}
Client with IP 0:0:0:0:0:0:0:1 made request on /css/shop.css with status code: {200}
Client with IP 0:0:0:0:0:0:0:1 made request on /css/profile.css with status code: {200}
Client with IP 0:0:0:0:0:0:0:1 made request on /css/form.css with status code: {200}
Client with IP 0:0:0:0:0:0:0:1 made request on /users/login with status code: {200}
Client with IP 0:0:0:0:0:0:0:1 made request on /css/form.css with status code: {200}
Client with IP 0:0:0:0:0:0:0:1 made request on /css/profile.css with status code: {200}
Client with IP 0:0:0:0:0:0:0:1 made request on /css/shop.css with status code: {200}
Client with IP 0:0:0:0:0:0:0:1 made request on / with status code: {200}
Client with IP 0:0:0:0:0:0:0:1 made request on /css/form.css with status code: {200}
Client with IP 0:0:0:0:0:0:0:1 made request on /css/profile.css with status code: {200}
Client with IP 0:0:0:0:0:0:0:1 made request on /css/shop.css with status code: {200}
Client with IP 0:0:0:0:0:0:0:1 made request on /shop/all with status code: {200}
Client with IP 0:0:0:0:0:0:0:1 made request on /css/form.css with status code: {200}
Client with IP 0:0:0:0:0:0:0:1 made request on /css/shop.css with status code: {200}
Client with IP 0:0:0:0:0:0:0:1 made request on /css/profile.css with status code: {200}
Client with IP 0:0:0:0:0:0:0:1 made request on /js/search-bar.js with status code: {200}
Client with IP 0:0:0:0:0:0:0:1 made request on /products/api with status code: {200}
Client with IP 0:0:0:0:0:0:0:1 made request on /shop/product/f7ffee57-d441-4246-ab2a-da29cd6ecdf2 with status code: {200}
Client with IP 0:0:0:0:0:0:0:1 made request on /css/profile.css with status code: {200}
Client with IP 0:0:0:0:0:0:0:1 made request on /css/shop.css with status code: {200}
Client with IP 0:0:0:0:0:0:0:1 made request on /css/form.css with status code: {200}
Client with IP 0:0:0:0:0:0:0:1 made request on /shop/all with status code: {200}
Client with IP 0:0:0:0:0:0:0:1 made request on /css/profile.css with status code: {200}
Client with IP 0:0:0:0:0:0:0:1 made request on /css/form.css with status code: {200}
Client with IP 0:0:0:0:0:0:0:1 made request on /css/shop.css with status code: {200}
Client with IP 0:0:0:0:0:0:0:1 made request on /js/search-bar.js with status code: {200}
Client with IP 0:0:0:0:0:0:0:1 made request on /products/api with status code: {200}
Client with IP 0:0:0:0:0:0:0:1 made request on /products/add with status code: {200}
Client with IP 0:0:0:0:0:0:0:1 made request on /css/form.css with status code: {200}
Client with IP 0:0:0:0:0:0:0:1 made request on /css/profile.css with status code: {200}
Client with IP 0:0:0:0:0:0:0:1 made request on /css/shop.css with status code: {200}
Client with IP 0:0:0:0:0:0:0:1 made request on /orders/all with status code: {200}
Client with IP 0:0:0:0:0:0:0:1 made request on /css/shop.css with status code: {200}
Client with IP 0:0:0:0:0:0:0:1 made request on /css/profile.css with status code: {200}
Client with IP 0:0:0:0:0:0:0:1 made request on /css/form.css with status code: {200}
Client with IP 0:0:0:0:0:0:0:1 made request on /statistics with status code: {200}
Client with IP 0:0:0:0:0:0:0:1 made request on /css/form.css with status code: {200}
Client with IP 0:0:0:0:0:0:0:1 made request on /css/shop.css with status code: {200}
Client with IP 0:0:0:0:0:0:0:1 made request on /css/profile.css with status code: {200}
Client with IP 0:0:0:0:0:0:0:1 made request on /role/change with status code: {200}
Client with IP 0:0:0:0:0:0:0:1 made request on /css/form.css with status code: {200}
Client with IP 0:0:0:0:0:0:0:1 made request on /css/shop.css with status code: {200}
Client with IP 0:0:0:0:0:0:0:1 made request on /css/profile.css with status code: {200}
Client with IP 0:0:0:0:0:0:0:1 made request on /users/profile with status code: {200}
Client with IP 0:0:0:0:0:0:0:1 made request on /css/form.css with status code: {200}
Client with IP 0:0:0:0:0:0:0:1 made request on /css/profile.css with status code: {200}
Client with IP 0:0:0:0:0:0:0:1 made request on /css/shop.css with status code: {200}
Client with IP 0:0:0:0:0:0:0:1 made request on /shop/all with status code: {200}
Client with IP 0:0:0:0:0:0:0:1 made request on /css/form.css with status code: {200}
Client with IP 0:0:0:0:0:0:0:1 made request on /css/profile.css with status code: {200}
Client with IP 0:0:0:0:0:0:0:1 made request on /css/shop.css with status code: {200}
Client with IP 0:0:0:0:0:0:0:1 made request on /js/search-bar.js with status code: {200}
Client with IP 0:0:0:0:0:0:0:1 made request on /products/api with status code: {200}
Client with IP 0:0:0:0:0:0:0:1 made request on /shop/product/f7ffee57-d441-4246-ab2a-da29cd6ecdf2 with status code: {200}
Client with IP 0:0:0:0:0:0:0:1 made request on /css/form.css with status code: {200}
Client with IP 0:0:0:0:0:0:0:1 made request on /css/profile.css with status code: {200}
Client with IP 0:0:0:0:0:0:0:1 made request on /css/shop.css with status code: {200}
Client with IP 0:0:0:0:0:0:0:1 made request on /shop/product/buy/f7ffee57-d441-4246-ab2a-da29cd6ecdf2 with status code: {200}
Client with IP 0:0:0:0:0:0:0:1 made request on /css/profile.css with status code: {200}
Client with IP 0:0:0:0:0:0:0:1 made request on /css/shop.css with status code: {200}
Client with IP 0:0:0:0:0:0:0:1 made request on /css/form.css with status code: {200}
Client with IP 0:0:0:0:0:0:0:1 made request on /users/profile with status code: {200}
Client with IP 0:0:0:0:0:0:0:1 made request on /css/profile.css with status code: {200}
Client with IP 0:0:0:0:0:0:0:1 made request on /css/shop.css with status code: {200}
Client with IP 0:0:0:0:0:0:0:1 made request on /css/form.css with status code: {200}
Client with IP 0:0:0:0:0:0:0:1 made request on /orders/all with status code: {200}
Client with IP 0:0:0:0:0:0:0:1 made request on /css/profile.css with status code: {200}
Client with IP 0:0:0:0:0:0:0:1 made request on /css/shop.css with status code: {200}
Client with IP 0:0:0:0:0:0:0:1 made request on /css/form.css with status code: {200}
Client with IP 0:0:0:0:0:0:0:1 made request on /shop/all with status code: {200}
Client with IP 0:0:0:0:0:0:0:1 made request on /css/form.css with status code: {200}
Client with IP 0:0:0:0:0:0:0:1 made request on /css/shop.css with status code: {200}
Client with IP 0:0:0:0:0:0:0:1 made request on /css/profile.css with status code: {200}
Client with IP 0:0:0:0:0:0:0:1 made request on /js/search-bar.js with status code: {200}
Client with IP 0:0:0:0:0:0:0:1 made request on /products/api with status code: {200}
Client with IP 0:0:0:0:0:0:0:1 made request on /products/add with status code: {200}
Client with IP 0:0:0:0:0:0:0:1 made request on /css/form.css with status code: {200}
Client with IP 0:0:0:0:0:0:0:1 made request on /css/profile.css with status code: {200}
Client with IP 0:0:0:0:0:0:0:1 made request on /css/shop.css with status code: {200}
Client with IP 0:0:0:0:0:0:0:1 made request on / with status code: {200}
Client with IP 0:0:0:0:0:0:0:1 made request on /css/profile.css with status code: {200}
Client with IP 0:0:0:0:0:0:0:1 made request on /css/shop.css with status code: {200}
Client with IP 0:0:0:0:0:0:0:1 made request on /css/form.css with status code: {200}
Client with IP 0:0:0:0:0:0:0:1 made request on /statistics with status code: {200}
Client with IP 0:0:0:0:0:0:0:1 made request on /css/profile.css with status code: {200}
Client with IP 0:0:0:0:0:0:0:1 made request on /css/shop.css with status code: {200}
Client with IP 0:0:0:0:0:0:0:1 made request on /css/form.css with status code: {200}
Client with IP 0:0:0:0:0:0:0:1 made request on /users/profile with status code: {200}
Client with IP 0:0:0:0:0:0:0:1 made request on /css/shop.css with status code: {200}
Client with IP 0:0:0:0:0:0:0:1 made request on /css/form.css with status code: {200}
Client with IP 0:0:0:0:0:0:0:1 made request on /css/profile.css with status code: {200}
Client with IP 0:0:0:0:0:0:0:1 made request on / with status code: {200}
Client with IP 0:0:0:0:0:0:0:1 made request on /css/form.css with status code: {200}
Client with IP 0:0:0:0:0:0:0:1 made request on /css/profile.css with status code: {200}
Client with IP 0:0:0:0:0:0:0:1 made request on /css/shop.css with status code: {200}
Client with IP 0:0:0:0:0:0:0:1 made request on / with status code: {200}
Client with IP 0:0:0:0:0:0:0:1 made request on /css/form.css with status code: {200}
Client with IP 0:0:0:0:0:0:0:1 made request on /css/profile.css with status code: {200}
Client with IP 0:0:0:0:0:0:0:1 made request on /css/shop.css with status code: {200}
Client with IP 0:0:0:0:0:0:0:1 made request on /users/login with status code: {200}
Client with IP 0:0:0:0:0:0:0:1 made request on /css/profile.css with status code: {200}
Client with IP 0:0:0:0:0:0:0:1 made request on /css/shop.css with status code: {200}
Client with IP 0:0:0:0:0:0:0:1 made request on /css/form.css with status code: {200}
Client with IP 0:0:0:0:0:0:0:1 made request on / with status code: {200}
Client with IP 0:0:0:0:0:0:0:1 made request on /css/shop.css with status code: {200}
Client with IP 0:0:0:0:0:0:0:1 made request on /css/profile.css with status code: {200}
Client with IP 0:0:0:0:0:0:0:1 made request on /css/form.css with status code: {200}
Client with IP 0:0:0:0:0:0:0:1 made request on / with status code: {200}
Client with IP 0:0:0:0:0:0:0:1 made request on /css/shop.css with status code: {200}
Client with IP 0:0:0:0:0:0:0:1 made request on /css/profile.css with status code: {200}
Client with IP 0:0:0:0:0:0:0:1 made request on /css/form.css with status code: {200}
Client with IP 0:0:0:0:0:0:0:1 made request on /users/login with status code: {200}
Client with IP 0:0:0:0:0:0:0:1 made request on /css/form.css with status code: {200}
Client with IP 0:0:0:0:0:0:0:1 made request on /css/shop.css with status code: {200}
Client with IP 0:0:0:0:0:0:0:1 made request on /css/profile.css with status code: {200}
Client with IP 0:0:0:0:0:0:0:1 made request on / with status code: {200}
Client with IP 0:0:0:0:0:0:0:1 made request on /css/profile.css with status code: {200}
Client with IP 0:0:0:0:0:0:0:1 made request on /css/shop.css with status code: {200}
Client with IP 0:0:0:0:0:0:0:1 made request on /css/form.css with status code: {200}
Client with IP 0:0:0:0:0:0:0:1 made request on / with status code: {200}
Client with IP 0:0:0:0:0:0:0:1 made request on /css/form.css with status code: {200}
Client with IP 0:0:0:0:0:0:0:1 made request on /css/profile.css with status code: {200}
Client with IP 0:0:0:0:0:0:0:1 made request on /css/shop.css with status code: {200}
Client with IP 0:0:0:0:0:0:0:1 made request on /users/login with status code: {200}
Client with IP 0:0:0:0:0:0:0:1 made request on /css/form.css with status code: {200}
Client with IP 0:0:0:0:0:0:0:1 made request on /css/profile.css with status code: {200}
Client with IP 0:0:0:0:0:0:0:1 made request on /css/shop.css with status code: {200}
Client with IP 0:0:0:0:0:0:0:1 made request on /users/login-error with status code: {200}
Client with IP 0:0:0:0:0:0:0:1 made request on /users/login with status code: {200}
Client with IP 0:0:0:0:0:0:0:1 made request on /css/form.css with status code: {200}
Client with IP 0:0:0:0:0:0:0:1 made request on /css/shop.css with status code: {200}
Client with IP 0:0:0:0:0:0:0:1 made request on /css/profile.css with status code: {200}
Client with IP 0:0:0:0:0:0:0:1 made request on / with status code: {200}
Client with IP 0:0:0:0:0:0:0:1 made request on /css/profile.css with status code: {200}
Client with IP 0:0:0:0:0:0:0:1 made request on /css/form.css with status code: {200}
Client with IP 0:0:0:0:0:0:0:1 made request on /css/shop.css with status code: {200}
Client with IP 0:0:0:0:0:0:0:1 made request on /users/profile with status code: {200}
Client with IP 0:0:0:0:0:0:0:1 made request on /css/form.css with status code: {200}
Client with IP 0:0:0:0:0:0:0:1 made request on /css/profile.css with status code: {200}
Client with IP 0:0:0:0:0:0:0:1 made request on /css/shop.css with status code: {200}
Client with IP 0:0:0:0:0:0:0:1 made request on / with status code: {200}
Client with IP 0:0:0:0:0:0:0:1 made request on /css/form.css with status code: {200}
Client with IP 0:0:0:0:0:0:0:1 made request on /css/shop.css with status code: {200}
Client with IP 0:0:0:0:0:0:0:1 made request on /css/profile.css with status code: {200}
Client with IP 0:0:0:0:0:0:0:1 made request on /users/login with status code: {200}
Client with IP 0:0:0:0:0:0:0:1 made request on /css/form.css with status code: {200}
Client with IP 0:0:0:0:0:0:0:1 made request on /css/profile.css with status code: {200}
Client with IP 0:0:0:0:0:0:0:1 made request on /css/shop.css with status code: {200}
Client with IP 0:0:0:0:0:0:0:1 made request on / with status code: {200}
Client with IP 0:0:0:0:0:0:0:1 made request on /css/form.css with status code: {200}
Client with IP 0:0:0:0:0:0:0:1 made request on /css/profile.css with status code: {200}
Client with IP 0:0:0:0:0:0:0:1 made request on /css/shop.css with status code: {200}
Client with IP 0:0:0:0:0:0:0:1 made request on /error with status code: {403}
Client with IP 0:0:0:0:0:0:0:1 made request on /css/form.css with status code: {200}
Client with IP 0:0:0:0:0:0:0:1 made request on /css/profile.css with status code: {200}
Client with IP 0:0:0:0:0:0:0:1 made request on /css/shop.css with status code: {200}
Client with IP 0:0:0:0:0:0:0:1 made request on / with status code: {200}
Client with IP 0:0:0:0:0:0:0:1 made request on /css/profile.css with status code: {200}
Client with IP 0:0:0:0:0:0:0:1 made request on /css/form.css with status code: {200}
Client with IP 0:0:0:0:0:0:0:1 made request on /css/shop.css with status code: {200}
Client with IP 0:0:0:0:0:0:0:1 made request on /users/profile with status code: {200}
Client with IP 0:0:0:0:0:0:0:1 made request on /css/shop.css with status code: {200}
Client with IP 0:0:0:0:0:0:0:1 made request on /css/profile.css with status code: {200}
Client with IP 0:0:0:0:0:0:0:1 made request on /css/form.css with status code: {200}
Client with IP 0:0:0:0:0:0:0:1 made request on /products/add with status code: {200}
Client with IP 0:0:0:0:0:0:0:1 made request on /css/profile.css with status code: {200}
Client with IP 0:0:0:0:0:0:0:1 made request on /css/shop.css with status code: {200}
Client with IP 0:0:0:0:0:0:0:1 made request on /css/form.css with status code: {200}
Client with IP 0:0:0:0:0:0:0:1 made request on /orders/all with status code: {200}
Client with IP 0:0:0:0:0:0:0:1 made request on /css/shop.css with status code: {200}
Client with IP 0:0:0:0:0:0:0:1 made request on /css/profile.css with status code: {200}
Client with IP 0:0:0:0:0:0:0:1 made request on /css/form.css with status code: {200}
Client with IP 0:0:0:0:0:0:0:1 made request on /error with status code: {403}
Client with IP 0:0:0:0:0:0:0:1 made request on /css/profile.css with status code: {200}
Client with IP 0:0:0:0:0:0:0:1 made request on /css/form.css with status code: {200}
Client with IP 0:0:0:0:0:0:0:1 made request on /css/shop.css with status code: {200}
Client with IP 0:0:0:0:0:0:0:1 made request on / with status code: {200}
Client with IP 0:0:0:0:0:0:0:1 made request on /css/shop.css with status code: {200}
Client with IP 0:0:0:0:0:0:0:1 made request on /css/profile.css with status code: {200}
Client with IP 0:0:0:0:0:0:0:1 made request on /css/form.css with status code: {200}
Client with IP 0:0:0:0:0:0:0:1 made request on / with status code: {200}
Client with IP 0:0:0:0:0:0:0:1 made request on /css/form.css with status code: {200}
Client with IP 0:0:0:0:0:0:0:1 made request on /css/profile.css with status code: {200}
Client with IP 0:0:0:0:0:0:0:1 made request on /css/shop.css with status code: {200}
Client with IP 0:0:0:0:0:0:0:1 made request on /users/login with status code: {200}
Client with IP 0:0:0:0:0:0:0:1 made request on /css/shop.css with status code: {200}
Client with IP 0:0:0:0:0:0:0:1 made request on /css/profile.css with status code: {200}
Client with IP 0:0:0:0:0:0:0:1 made request on /css/form.css with status code: {200}
Client with IP 0:0:0:0:0:0:0:1 made request on / with status code: {200}
Client with IP 0:0:0:0:0:0:0:1 made request on /css/shop.css with status code: {200}
Client with IP 0:0:0:0:0:0:0:1 made request on /css/profile.css with status code: {200}
Client with IP 0:0:0:0:0:0:0:1 made request on /css/form.css with status code: {200}
Client with IP 0:0:0:0:0:0:0:1 made request on /statistics with status code: {200}
Client with IP 0:0:0:0:0:0:0:1 made request on /css/form.css with status code: {200}
Client with IP 0:0:0:0:0:0:0:1 made request on /css/profile.css with status code: {200}
Client with IP 0:0:0:0:0:0:0:1 made request on /css/shop.css with status code: {200}
Client with IP 0:0:0:0:0:0:0:1 made request on / with status code: {200}
Client with IP 0:0:0:0:0:0:0:1 made request on /css/form.css with status code: {200}
Client with IP 0:0:0:0:0:0:0:1 made request on /css/profile.css with status code: {200}
Client with IP 0:0:0:0:0:0:0:1 made request on /css/shop.css with status code: {200}
Client with IP 0:0:0:0:0:0:0:1 made request on / with status code: {200}
Client with IP 0:0:0:0:0:0:0:1 made request on /css/shop.css with status code: {200}
Client with IP 0:0:0:0:0:0:0:1 made request on /css/form.css with status code: {200}
Client with IP 0:0:0:0:0:0:0:1 made request on /css/profile.css with status code: {200}
Client with IP 0:0:0:0:0:0:0:1 made request on /users/login with status code: {200}
Client with IP 0:0:0:0:0:0:0:1 made request on /css/shop.css with status code: {200}
Client with IP 0:0:0:0:0:0:0:1 made request on /css/profile.css with status code: {200}
Client with IP 0:0:0:0:0:0:0:1 made request on /css/form.css with status code: {200}
Client with IP 0:0:0:0:0:0:0:1 made request on / with status code: {200}
Client with IP 0:0:0:0:0:0:0:1 made request on /css/form.css with status code: {200}
Client with IP 0:0:0:0:0:0:0:1 made request on /css/profile.css with status code: {200}
Client with IP 0:0:0:0:0:0:0:1 made request on /css/shop.css with status code: {200}
Client with IP 0:0:0:0:0:0:0:1 made request on /error with status code: {403}
Client with IP 0:0:0:0:0:0:0:1 made request on /css/profile.css with status code: {200}
Client with IP 0:0:0:0:0:0:0:1 made request on /css/form.css with status code: {200}
Client with IP 0:0:0:0:0:0:0:1 made request on /css/shop.css with status code: {200}
Client with IP 0:0:0:0:0:0:0:1 made request on / with status code: {200}
Client with IP 0:0:0:0:0:0:0:1 made request on /css/profile.css with status code: {200}
Client with IP 0:0:0:0:0:0:0:1 made request on /css/form.css with status code: {200}
Client with IP 0:0:0:0:0:0:0:1 made request on /css/shop.css with status code: {200}
Client with IP 0:0:0:0:0:0:0:1 made request on /orders/all with status code: {200}
Client with IP 0:0:0:0:0:0:0:1 made request on /css/form.css with status code: {200}
Client with IP 0:0:0:0:0:0:0:1 made request on /css/profile.css with status code: {200}
Client with IP 0:0:0:0:0:0:0:1 made request on /css/shop.css with status code: {200}
Client with IP 0:0:0:0:0:0:0:1 made request on /users/profile with status code: {200}
Client with IP 0:0:0:0:0:0:0:1 made request on /css/profile.css with status code: {200}
Client with IP 0:0:0:0:0:0:0:1 made request on /css/form.css with status code: {200}
Client with IP 0:0:0:0:0:0:0:1 made request on /css/shop.css with status code: {200}
Client with IP 0:0:0:0:0:0:0:1 made request on /orders/all with status code: {200}
Client with IP 0:0:0:0:0:0:0:1 made request on /css/shop.css with status code: {200}
Client with IP 0:0:0:0:0:0:0:1 made request on /css/profile.css with status code: {200}
Client with IP 0:0:0:0:0:0:0:1 made request on /css/form.css with status code: {200}
Client with IP 0:0:0:0:0:0:0:1 made request on /users/profile with status code: {200}
Client with IP 0:0:0:0:0:0:0:1 made request on /css/form.css with status code: {200}
Client with IP 0:0:0:0:0:0:0:1 made request on /css/profile.css with status code: {200}
Client with IP 0:0:0:0:0:0:0:1 made request on /css/shop.css with status code: {200}
Client with IP 0:0:0:0:0:0:0:1 made request on /orders/all with status code: {200}
Client with IP 0:0:0:0:0:0:0:1 made request on /css/form.css with status code: {200}
Client with IP 0:0:0:0:0:0:0:1 made request on /css/shop.css with status code: {200}
Client with IP 0:0:0:0:0:0:0:1 made request on /css/profile.css with status code: {200}
Client with IP 0:0:0:0:0:0:0:1 made request on /products/add with status code: {200}
Client with IP 0:0:0:0:0:0:0:1 made request on /css/form.css with status code: {200}
Client with IP 0:0:0:0:0:0:0:1 made request on /css/profile.css with status code: {200}
Client with IP 0:0:0:0:0:0:0:1 made request on /css/shop.css with status code: {200}
Client with IP 0:0:0:0:0:0:0:1 made request on /shop/all with status code: {200}
Client with IP 0:0:0:0:0:0:0:1 made request on /css/profile.css with status code: {200}
Client with IP 0:0:0:0:0:0:0:1 made request on /css/shop.css with status code: {200}
Client with IP 0:0:0:0:0:0:0:1 made request on /css/form.css with status code: {200}
Client with IP 0:0:0:0:0:0:0:1 made request on /js/search-bar.js with status code: {200}
Client with IP 0:0:0:0:0:0:0:1 made request on /products/api with status code: {200}
Client with IP 0:0:0:0:0:0:0:1 made request on / with status code: {200}
Client with IP 0:0:0:0:0:0:0:1 made request on /css/form.css with status code: {200}
Client with IP 0:0:0:0:0:0:0:1 made request on /css/profile.css with status code: {200}
Client with IP 0:0:0:0:0:0:0:1 made request on /css/shop.css with status code: {200}
Client with IP 0:0:0:0:0:0:0:1 made request on /users/register with status code: {200}
Client with IP 0:0:0:0:0:0:0:1 made request on /css/profile.css with status code: {200}
Client with IP 0:0:0:0:0:0:0:1 made request on /css/form.css with status code: {200}
Client with IP 0:0:0:0:0:0:0:1 made request on /css/shop.css with status code: {200}
Client with IP 0:0:0:0:0:0:0:1 made request on /users/register with status code: {200}
Client with IP 0:0:0:0:0:0:0:1 made request on / with status code: {200}
Client with IP 0:0:0:0:0:0:0:1 made request on /css/profile.css with status code: {200}
Client with IP 0:0:0:0:0:0:0:1 made request on /css/shop.css with status code: {200}
Client with IP 0:0:0:0:0:0:0:1 made request on /css/form.css with status code: {200}
Client with IP 0:0:0:0:0:0:0:1 made request on /users/profile with status code: {200}
Client with IP 0:0:0:0:0:0:0:1 made request on /css/form.css with status code: {200}
Client with IP 0:0:0:0:0:0:0:1 made request on /css/shop.css with status code: {200}
Client with IP 0:0:0:0:0:0:0:1 made request on /css/profile.css with status code: {200}
Client with IP 0:0:0:0:0:0:0:1 made request on /users/profile/delete/0b52cdb3-ff23-4c58-9c91-a79e8d19adb6 with status code: {200}
Client with IP 0:0:0:0:0:0:0:1 made request on / with status code: {200}
Client with IP 0:0:0:0:0:0:0:1 made request on /css/profile.css with status code: {200}
Client with IP 0:0:0:0:0:0:0:1 made request on /css/form.css with status code: {200}
Client with IP 0:0:0:0:0:0:0:1 made request on /css/shop.css with status code: {200}
Client with IP 0:0:0:0:0:0:0:1 made request on /users/login with status code: {200}
Client with IP 0:0:0:0:0:0:0:1 made request on /css/profile.css with status code: {200}
Client with IP 0:0:0:0:0:0:0:1 made request on /css/form.css with status code: {200}
Client with IP 0:0:0:0:0:0:0:1 made request on /css/shop.css with status code: {200}
Client with IP 0:0:0:0:0:0:0:1 made request on / with status code: {200}
Client with IP 0:0:0:0:0:0:0:1 made request on /css/shop.css with status code: {200}
Client with IP 0:0:0:0:0:0:0:1 made request on /css/form.css with status code: {200}
Client with IP 0:0:0:0:0:0:0:1 made request on /css/profile.css with status code: {200}
Client with IP 0:0:0:0:0:0:0:1 made request on /users/profile with status code: {200}
Client with IP 0:0:0:0:0:0:0:1 made request on /css/profile.css with status code: {200}
Client with IP 0:0:0:0:0:0:0:1 made request on /css/form.css with status code: {200}
Client with IP 0:0:0:0:0:0:0:1 made request on /css/shop.css with status code: {200}
Client with IP 0:0:0:0:0:0:0:1 made request on /orders/all with status code: {200}
Client with IP 0:0:0:0:0:0:0:1 made request on /css/form.css with status code: {200}
Client with IP 0:0:0:0:0:0:0:1 made request on /css/profile.css with status code: {200}
Client with IP 0:0:0:0:0:0:0:1 made request on /css/shop.css with status code: {200}
Client with IP 0:0:0:0:0:0:0:1 made request on /products/add with status code: {200}
Client with IP 0:0:0:0:0:0:0:1 made request on /css/shop.css with status code: {200}
Client with IP 0:0:0:0:0:0:0:1 made request on /css/profile.css with status code: {200}
Client with IP 0:0:0:0:0:0:0:1 made request on /css/form.css with status code: {200}
Client with IP 0:0:0:0:0:0:0:1 made request on /shop/all with status code: {200}
Client with IP 0:0:0:0:0:0:0:1 made request on /css/shop.css with status code: {200}
Client with IP 0:0:0:0:0:0:0:1 made request on /css/profile.css with status code: {200}
Client with IP 0:0:0:0:0:0:0:1 made request on /css/form.css with status code: {200}
Client with IP 0:0:0:0:0:0:0:1 made request on /js/search-bar.js with status code: {200}
Client with IP 0:0:0:0:0:0:0:1 made request on /products/api with status code: {200}
Client with IP 0:0:0:0:0:0:0:1 made request on / with status code: {200}
Client with IP 0:0:0:0:0:0:0:1 made request on /css/profile.css with status code: {200}
Client with IP 0:0:0:0:0:0:0:1 made request on /css/form.css with status code: {200}
Client with IP 0:0:0:0:0:0:0:1 made request on /css/shop.css with status code: {200}
Client with IP 0:0:0:0:0:0:0:1 made request on /users/login with status code: {200}
Client with IP 0:0:0:0:0:0:0:1 made request on /css/form.css with status code: {200}
Client with IP 0:0:0:0:0:0:0:1 made request on /css/profile.css with status code: {200}
Client with IP 0:0:0:0:0:0:0:1 made request on /css/shop.css with status code: {200}
Client with IP 0:0:0:0:0:0:0:1 made request on / with status code: {200}
Client with IP 0:0:0:0:0:0:0:1 made request on /css/profile.css with status code: {200}
Client with IP 0:0:0:0:0:0:0:1 made request on /css/form.css with status code: {200}
Client with IP 0:0:0:0:0:0:0:1 made request on /css/shop.css with status code: {200}
Client with IP 0:0:0:0:0:0:0:1 made request on /statistics with status code: {200}
Client with IP 0:0:0:0:0:0:0:1 made request on /statistics with status code: {200}
Client with IP 0:0:0:0:0:0:0:1 made request on /css/profile.css with status code: {200}
Client with IP 0:0:0:0:0:0:0:1 made request on /css/form.css with status code: {200}
Client with IP 0:0:0:0:0:0:0:1 made request on /css/shop.css with status code: {200}
Client with IP 0:0:0:0:0:0:0:1 made request on /orders/all with status code: {200}
Client with IP 0:0:0:0:0:0:0:1 made request on /css/form.css with status code: {200}
Client with IP 0:0:0:0:0:0:0:1 made request on /css/profile.css with status code: {200}
Client with IP 0:0:0:0:0:0:0:1 made request on /css/shop.css with status code: {200}
Client with IP 0:0:0:0:0:0:0:1 made request on /users/profile with status code: {200}
Client with IP 0:0:0:0:0:0:0:1 made request on /css/form.css with status code: {200}
Client with IP 0:0:0:0:0:0:0:1 made request on /css/profile.css with status code: {200}
Client with IP 0:0:0:0:0:0:0:1 made request on /css/shop.css with status code: {200}
Client with IP 0:0:0:0:0:0:0:1 made request on /role/change with status code: {200}
Client with IP 0:0:0:0:0:0:0:1 made request on /css/form.css with status code: {200}
Client with IP 0:0:0:0:0:0:0:1 made request on /css/shop.css with status code: {200}
Client with IP 0:0:0:0:0:0:0:1 made request on /css/profile.css with status code: {200}
Client with IP 0:0:0:0:0:0:0:1 made request on / with status code: {200}
Client with IP 0:0:0:0:0:0:0:1 made request on /css/form.css with status code: {200}
Client with IP 0:0:0:0:0:0:0:1 made request on /css/profile.css with status code: {200}
Client with IP 0:0:0:0:0:0:0:1 made request on /css/shop.css with status code: {200}
